Der Buildvorgang wurde am 17.02.2013 19:44:02 gestartet.
     1>Projekt "C:\Users\Alex\Documents\GitHub\uStore\TwErg - Shop\TwErg - Shop.vcxproj" auf Knoten "2", build Ziel(e).
     1>InitializeBuildStatus:
         Aktualisieren des Timestamps von "Debug\uStore.unsuccessfulbuild".
       GenerateTargetFrameworkMonikerAttribute:
       Das Ziel "GenerateTargetFrameworkMonikerAttribute" wird übersprungen, da alle Ausgabedateien hinsichtlich der Eingabedateien aktuell sind.
       ClCompile:
         Alle Ausgaben sind aktuell.
         c:\Program Files (x86)\Microsoft Visual Studio 10.0\VC\bin\CL.exe /c /AI"C:\Program Files (x86)\Reference Assemblies\Microsoft\Framework\.NETFramework\v4.0" /Zi /clr:pure /nologo /W3 /WX- /Od /Oy- /D WIN32 /D _DEBUG /D _UNICODE /D UNICODE /EHa /MDd /GS /fp:precise /Zc:wchar_t /Zc:forScope /Yu"StdAfx.h" /Fp"Debug\uStore.pch" /Fo"Debug\\" /Fd"Debug\vc100.pdb" /TP /FU"C:\Program Files (x86)\Reference Assemblies\Microsoft\Framework\.NETFramework\v4.0\System.Core.dll" /FU"C:\Program Files (x86)\Reference Assemblies\Microsoft\Framework\.NETFramework\v4.0\System.Data.dll" /FU"C:\Program Files (x86)\Reference Assemblies\Microsoft\Framework\.NETFramework\v4.0\System.dll" /FU"C:\Program Files (x86)\Reference Assemblies\Microsoft\Framework\.NETFramework\v4.0\System.Drawing.dll" /FU"C:\Program Files (x86)\Reference Assemblies\Microsoft\Framework\.NETFramework\v4.0\System.Windows.Forms.dll" /FU"C:\Program Files (x86)\Reference Assemblies\Microsoft\Framework\.NETFramework\v4.0\System.Xml.dll" /analyze- /errorReport:prompt uStore_Login.cpp uStore_main.cpp /clr:nostdlib 
         uStore_Login.cpp
     1>c:\users\alex\documents\github\ustore\twerg - shop\uStore_main.h(189): error C2512: 'System::Windows::Forms::Form::ControlCollection::ControlCollection': Kein geeigneter Standardkonstruktor verfügbar
         uStore_main.cpp
     1>c:\users\alex\documents\github\ustore\twerg - shop\uStore_main.h(189): error C2512: 'System::Windows::Forms::Form::ControlCollection::ControlCollection': Kein geeigneter Standardkonstruktor verfügbar
         Code wird generiert...
     1>Die Erstellung des Projekts "C:\Users\Alex\Documents\GitHub\uStore\TwErg - Shop\TwErg - Shop.vcxproj" ist abgeschlossen, build Ziel(e) -- FEHLER.

Fehler beim Erstellen

Verstrichene Zeit 00:00:01.58
